# JRE version: OpenJDK Runtime Environment (8.0_242-b01) (build 1.8.0_242-release-1644-b01)
# Java VM: OpenJDK 64-Bit Server VM (25.242-b01 mixed mode windows-amd64 compressed oops)
Heap:
 PSYoungGen      total 188416K, used 31574K [0x000000076b580000, 0x0000000777e80000, 0x00000007c0000000)
  eden space 177664K, 17% used [0x000000076b580000,0x000000076d455a98,0x0000000776300000)
  from space 10752K, 0% used [0x0000000776980000,0x0000000776980000,0x0000000777400000)
  to   space 10752K, 0% used [0x0000000777400000,0x0000000777400000,0x0000000777e80000)
 ParOldGen       total 217088K, used 63924K [0x00000006c2000000, 0x00000006cf400000, 0x000000076b580000)
  object space 217088K, 29% used [0x00000006c2000000,0x00000006c5e6d148,0x00000006cf400000)
 Metaspace       used 61592K, capacity 62814K, committed 62936K, reserved 1103872K
  class space    used 7309K, capacity 7619K, committed 7680K, reserved 1048576K
GC Heap History (10 events):
Event: 4.474 GC heap before
{Heap before GC invocations=4 (full 1):
 PSYoungGen      total 140800K, used 102460K [0x000000076b580000, 0x0000000774980000, 0x00000007c0000000)
  eden space 130048K, 78% used [0x000000076b580000,0x000000077198f380,0x0000000773480000)
  from space 10752K, 0% used [0x0000000773f00000,0x0000000773f00000,0x0000000774980000)
  to   space 10752K, 0% used [0x0000000773480000,0x0000000773480000,0x0000000773f00000)
 ParOldGen       total 135680K, used 22342K [0x00000006c2000000, 0x00000006ca480000, 0x000000076b580000)
  object space 135680K, 16% used [0x00000006c2000000,0x00000006c35d1930,0x00000006ca480000)
 Metaspace       used 34582K, capacity 35202K, committed 35416K, reserved 1081344K
  class space    used 4313K, capacity 4476K, committed 4480K, reserved 1048576K
Event: 4.509 GC heap after
Heap after GC invocations=4 (full 1):
 PSYoungGen      total 140800K, used 10745K [0x000000076b580000, 0x0000000777e80000, 0x00000007c0000000)
  eden space 130048K, 0% used [0x000000076b580000,0x000000076b580000,0x0000000773480000)
  from space 10752K, 99% used [0x0000000773480000,0x0000000773efe670,0x0000000773f00000)
  to   space 10752K, 0% used [0x0000000777400000,0x0000000777400000,0x0000000777e80000)
 ParOldGen       total 135680K, used 35387K [0x00000006c2000000, 0x00000006ca480000, 0x000000076b580000)
  object space 135680K, 26% used [0x00000006c2000000,0x00000006c428ed50,0x00000006ca480000)
 Metaspace       used 34582K, capacity 35202K, committed 35416K, reserved 1081344K
  class space    used 4313K, capacity 4476K, committed 4480K, reserved 1048576K
}
Event: 4.509 GC heap before
{Heap before GC invocations=5 (full 2):
 PSYoungGen      total 140800K, used 10745K [0x000000076b580000, 0x0000000777e80000, 0x00000007c0000000)
  eden space 130048K, 0% used [0x000000076b580000,0x000000076b580000,0x0000000773480000)
  from space 10752K, 99% used [0x0000000773480000,0x0000000773efe670,0x0000000773f00000)
  to   space 10752K, 0% used [0x0000000777400000,0x0000000777400000,0x0000000777e80000)
 ParOldGen       total 135680K, used 35387K [0x00000006c2000000, 0x00000006ca480000, 0x000000076b580000)
  object space 135680K, 26% used [0x00000006c2000000,0x00000006c428ed50,0x00000006ca480000)
 Metaspace       used 34582K, capacity 35202K, committed 35416K, reserved 1081344K
  class space    used 4313K, capacity 4476K, committed 4480K, reserved 1048576K
Event: 4.623 GC heap after
Heap after GC invocations=5 (full 2):
 PSYoungGen      total 140800K, used 0K [0x000000076b580000, 0x0000000777e80000, 0x00000007c0000000)
  eden space 130048K, 0% used [0x000000076b580000,0x000000076b580000,0x0000000773480000)
  from space 10752K, 0% used [0x0000000773480000,0x0000000773480000,0x0000000773f00000)
  to   space 10752K, 0% used [0x0000000777400000,0x0000000777400000,0x0000000777e80000)
 ParOldGen       total 217088K, used 42568K [0x00000006c2000000, 0x00000006cf400000, 0x000000076b580000)
  object space 217088K, 19% used [0x00000006c2000000,0x00000006c49921e0,0x00000006cf400000)
 Metaspace       used 34582K, capacity 35202K, committed 35416K, reserved 1081344K
  class space    used 4313K, capacity 4476K, committed 4480K, reserved 1048576K
}
Event: 8.321 GC heap before
{Heap before GC invocations=6 (full 2):
 PSYoungGen      total 140800K, used 130048K [0x000000076b580000, 0x0000000777e80000, 0x00000007c0000000)
  eden space 130048K, 100% used [0x000000076b580000,0x0000000773480000,0x0000000773480000)
  from space 10752K, 0% used [0x0000000773480000,0x0000000773480000,0x0000000773f00000)
  to   space 10752K, 0% used [0x0000000777400000,0x0000000777400000,0x0000000777e80000)
 ParOldGen       total 217088K, used 42568K [0x00000006c2000000, 0x00000006cf400000, 0x000000076b580000)
  object space 217088K, 19% used [0x00000006c2000000,0x00000006c49921e0,0x00000006cf400000)
 Metaspace       used 45248K, capacity 46094K, committed 46424K, reserved 1089536K
  class space    used 5439K, capacity 5671K, committed 5760K, reserved 1048576K
Event: 8.353 GC heap after
Heap after GC invocations=6 (full 2):
 PSYoungGen      total 188416K, used 10727K [0x000000076b580000, 0x0000000777e80000, 0x00000007c0000000)
  eden space 177664K, 0% used [0x000000076b580000,0x000000076b580000,0x0000000776300000)
  from space 10752K, 99% used [0x0000000777400000,0x0000000777e79e90,0x0000000777e80000)
  to   space 10752K, 0% used [0x0000000776980000,0x0000000776980000,0x0000000777400000)
 ParOldGen       total 217088K, used 57623K [0x00000006c2000000, 0x00000006cf400000, 0x000000076b580000)
  object space 217088K, 26% used [0x00000006c2000000,0x00000006c5845f60,0x00000006cf400000)
 Metaspace       used 45248K, capacity 46094K, committed 46424K, reserved 1089536K
  class space    used 5439K, capacity 5671K, committed 5760K, reserved 1048576K
}
Event: 12.438 GC heap before
{Heap before GC invocations=7 (full 2):
 PSYoungGen      total 188416K, used 115996K [0x000000076b580000, 0x0000000777e80000, 0x00000007c0000000)
  eden space 177664K, 59% used [0x000000076b580000,0x0000000771c4d398,0x0000000776300000)
  from space 10752K, 99% used [0x0000000777400000,0x0000000777e79e90,0x0000000777e80000)
  to   space 10752K, 0% used [0x0000000776980000,0x0000000776980000,0x0000000777400000)
 ParOldGen       total 217088K, used 57623K [0x00000006c2000000, 0x00000006cf400000, 0x000000076b580000)
  object space 217088K, 26% used [0x00000006c2000000,0x00000006c5845f60,0x00000006cf400000)
 Metaspace       used 57815K, capacity 58908K, committed 59028K, reserved 1101824K
  class space    used 6862K, capacity 7154K, committed 7168K, reserved 1048576K
Event: 12.484 GC heap after
Heap after GC invocations=7 (full 2):
 PSYoungGen      total 188416K, used 10727K [0x000000076b580000, 0x0000000777e80000, 0x00000007c0000000)
  eden space 177664K, 0% used [0x000000076b580000,0x000000076b580000,0x0000000776300000)
  from space 10752K, 99% used [0x0000000776980000,0x00000007773f9e90,0x0000000777400000)
  to   space 10752K, 0% used [0x0000000777400000,0x0000000777400000,0x0000000777e80000)
 ParOldGen       total 217088K, used 79168K [0x00000006c2000000, 0x00000006cf400000, 0x000000076b580000)
  object space 217088K, 36% used [0x00000006c2000000,0x00000006c6d50020,0x00000006cf400000)
 Metaspace       used 57815K, capacity 58908K, committed 59028K, reserved 1101824K
  class space    used 6862K, capacity 7154K, committed 7168K, reserved 1048576K
}
Event: 12.484 GC heap before
{Heap before GC invocations=8 (full 3):
 PSYoungGen      total 188416K, used 10727K [0x000000076b580000, 0x0000000777e80000, 0x00000007c0000000)
  eden space 177664K, 0% used [0x000000076b580000,0x000000076b580000,0x0000000776300000)
  from space 10752K, 99% used [0x0000000776980000,0x00000007773f9e90,0x0000000777400000)
  to   space 10752K, 0% used [0x0000000777400000,0x0000000777400000,0x0000000777e80000)
 ParOldGen       total 217088K, used 79168K [0x00000006c2000000, 0x00000006cf400000, 0x000000076b580000)
  object space 217088K, 36% used [0x00000006c2000000,0x00000006c6d50020,0x00000006cf400000)
 Metaspace       used 57815K, capacity 58908K, committed 59028K, reserved 1101824K
  class space    used 6862K, capacity 7154K, committed 7168K, reserved 1048576K
Event: 12.813 GC heap after
Heap after GC invocations=8 (full 3):
 PSYoungGen      total 188416K, used 0K [0x000000076b580000, 0x0000000777e80000, 0x00000007c0000000)
  eden space 177664K, 0% used [0x000000076b580000,0x000000076b580000,0x0000000776300000)
  from space 10752K, 0% used [0x0000000776980000,0x0000000776980000,0x0000000777400000)
  to   space 10752K, 0% used [0x0000000777400000,0x0000000777400000,0x0000000777e80000)
 ParOldGen       total 217088K, used 63924K [0x00000006c2000000, 0x00000006cf400000, 0x000000076b580000)
  object space 217088K, 29% used [0x00000006c2000000,0x00000006c5e6d148,0x00000006cf400000)
 Metaspace       used 57815K, capacity 58908K, committed 59028K, reserved 1101824K
  class space    used 6862K, capacity 7154K, committed 7168K, reserved 1048576K
}

